C:\USERS\Вараздат\DOCUMENTS\VISUAL STUDIO 2012\PROJECTS\Проект3\Проект3\DEBUG\GAMELOOP.OBJ
C:\USERS\ВАРАЗДАТ\DOCUMENTS\VISUAL STUDIO 2012\PROJECTS\ПРОЕКТ3\ПРОЕКТ3\DEBUG\VC110.PDB
C:\USERS\Вараздат\DOCUMENTS\VISUAL STUDIO 2012\PROJECTS\Проект3\DEBUG\Проект3.ILK
C:\USERS\Вараздат\DOCUMENTS\VISUAL STUDIO 2012\PROJECTS\Проект3\DEBUG\Проект3.EXE
C:\USERS\ВАРАЗДАТ\DOCUMENTS\VISUAL STUDIO 2012\PROJECTS\ПРОЕКТ3\DEBUG\ПРОЕКТ3.PDB
C:\Users\Вараздат\Documents\Visual Studio 2012\Projects\Проект3\Проект3\Debug\GameLoop.obj
C:\Users\Вараздат\Documents\Visual Studio 2012\Projects\Проект3\Проект3\Debug\cl.command.1.tlog
C:\Users\Вараздат\Documents\Visual Studio 2012\Projects\Проект3\Проект3\Debug\CL.read.1.tlog
C:\Users\Вараздат\Documents\Visual Studio 2012\Projects\Проект3\Проект3\Debug\CL.write.1.tlog
C:\Users\Вараздат\Documents\Visual Studio 2012\Projects\Проект3\Проект3\Debug\link-cvtres.read.1.tlog
C:\Users\Вараздат\Documents\Visual Studio 2012\Projects\Проект3\Проект3\Debug\link-cvtres.write.1.tlog
C:\Users\Вараздат\Documents\Visual Studio 2012\Projects\Проект3\Проект3\Debug\link-rc.read.1.tlog
C:\Users\Вараздат\Documents\Visual Studio 2012\Projects\Проект3\Проект3\Debug\link-rc.write.1.tlog
C:\Users\Вараздат\Documents\Visual Studio 2012\Projects\Проект3\Проект3\Debug\link.command.1.tlog
C:\Users\Вараздат\Documents\Visual Studio 2012\Projects\Проект3\Проект3\Debug\link.read.1.tlog
C:\Users\Вараздат\Documents\Visual Studio 2012\Projects\Проект3\Проект3\Debug\link.write.1.tlog
C:\Users\Вараздат\Documents\Visual Studio 2012\Projects\Проект3\Проект3\Debug\vc110.idb
C:\Users\Вараздат\Documents\Visual Studio 2012\Projects\Проект3\Проект3\Debug\vc110.pdb
C:\Users\Вараздат\Documents\Visual Studio 2012\Projects\Проект3\Debug\Проект3.pdb
C:\Users\Вараздат\Documents\Visual Studio 2012\Projects\Проект3\Debug\Проект3.exe
C:\Users\Вараздат\Documents\Visual Studio 2012\Projects\Проект3\Debug\Проект3.ilk
