Построение начато 05.02.2018 0:22:01.
     1>Проект "C:\Users\Вараздат\Documents\Visual Studio 2012\Projects\Проект3\Проект3\Проект3.vcxproj" в узле 2 (целевые объекты Build).
     1>ClCompile:
         C:\Program Files (x86)\Microsoft Visual Studio 11.0\VC\bin\CL.exe /c /ZI /nologo /W3 /WX- /Od /Oy- /D _UNICODE /D UNICODE /Gm /EHsc /RTC1 /MDd /GS /fp:precise /Zc:wchar_t /Zc:forScope /Fo"Debug\\" /Fd"Debug\vc110.pdb" /Gd /TP /analyze- /errorReport:prompt GameLoop.cpp
         GameLoop.cpp
     1>c:\users\вараздат\documents\visual studio 2012\projects\проект3\проект3\gameloop.cpp(48): warning C4244: инициализация: преобразование "double" в "GLfloat", возможна потеря данных
     1>c:\users\вараздат\documents\visual studio 2012\projects\проект3\проект3\gameloop.cpp(247): warning C4244: аргумент: преобразование "double" в "int", возможна потеря данных
     1>c:\users\вараздат\documents\visual studio 2012\projects\проект3\проект3\gameloop.cpp(270): warning C4244: инициализация: преобразование "double" в "GLfloat", возможна потеря данных
     1>c:\users\вараздат\documents\visual studio 2012\projects\проект3\проект3\gameloop.cpp(330): warning C4244: =: преобразование "double" в "GLfloat", возможна потеря данных
     1>c:\users\вараздат\documents\visual studio 2012\projects\проект3\проект3\gameloop.cpp(331): warning C4244: =: преобразование "double" в "GLfloat", возможна потеря данных
     1>c:\users\вараздат\documents\visual studio 2012\projects\проект3\проект3\gameloop.cpp(345): warning C4244: =: преобразование "double" в "GLfloat", возможна потеря данных
     1>c:\users\вараздат\documents\visual studio 2012\projects\проект3\проект3\gameloop.cpp(346): warning C4244: =: преобразование "double" в "GLfloat", возможна потеря данных
     1>c:\users\вараздат\documents\visual studio 2012\projects\проект3\проект3\gameloop.cpp(348): warning C4244: аргумент: преобразование "double" в "float", возможна потеря данных
       Link:
         C:\Program Files (x86)\Microsoft Visual Studio 11.0\VC\bin\link.exe /ERRORREPORT:PROMPT /OUT:"C:\Users\Вараздат\Documents\Visual Studio 2012\Projects\Проект3\Debug\Проект3.exe" /INCREMENTAL /NOLOGO "soil2-debug.lib" glew32s.lib opengl32.lib glfw3.lib kernel32.lib user32.lib gdi32.lib winspool.lib comdlg32.lib advapi32.lib shell32.lib ole32.lib oleaut32.lib uuid.lib odbc32.lib odbccp32.lib kernel32.lib user32.lib gdi32.lib winspool.lib comdlg32.lib advapi32.lib shell32.lib ole32.lib oleaut32.lib uuid.lib odbc32.lib odbccp32.lib /MANIFEST /MANIFESTUAC:"level='asInvoker' uiAccess='false'" /manifest:embed /DEBUG /PDB:"C:\Users\Вараздат\Documents\Visual Studio 2012\Projects\Проект3\Debug\Проект3.pdb" /TLBID:1 /DYNAMICBASE /NXCOMPAT /IMPLIB:"C:\Users\Вараздат\Documents\Visual Studio 2012\Projects\Проект3\Debug\Проект3.lib" /MACHINE:X86 Debug\Camera.obj
         Debug\Collisions.obj
         Debug\CubeMap.obj
         Debug\GameLoop.obj
         Debug\ObjectLoader.obj
         Debug\RawModel.obj
         Debug\Rectangle.obj
         Debug\Shader.obj
         Debug\Texture.obj
         Debug\Window.obj
         Проект3.vcxproj -> C:\Users\Вараздат\Documents\Visual Studio 2012\Projects\Проект3\Debug\Проект3.exe
     1>Построение проекта "C:\Users\Вараздат\Documents\Visual Studio 2012\Projects\Проект3\Проект3\Проект3.vcxproj" завершено (целевые объекты Build).

Построение успешно завершено.

Затраченное время: 00:00:06.84
